<?xml version="1.0" encoding="UTF-8"?>
<testsuite name="inflearn.string.FindWordInStringTest" tests="2" skipped="0" failures="0" errors="0" timestamp="2021-05-13T15:18:22" hostname="DESKTOP-BF3CT87" time="0.074">
  <properties/>
  <testcase name="[1] it is time to study, study" classname="inflearn.string.FindWordInStringTest" time="0.07"/>
  <testcase name="[2] Hi my name is SeokheeLee, SeokheeLee" classname="inflearn.string.FindWordInStringTest" time="0.001"/>
  <system-out><![CDATA[]]></system-out>
  <system-err><![CDATA[]]></system-err>
</testsuite>
