<?xml version="1.0" encoding="UTF-8"?>
<testsuite name="inflearn.string.ReverseWordTest" tests="1" skipped="0" failures="0" errors="0" timestamp="2021-05-13T15:56:34" hostname="DESKTOP-BF3CT87" time="0.064">
  <properties/>
  <testcase name="solution()" classname="inflearn.string.ReverseWordTest" time="0.064"/>
  <system-out><![CDATA[]]></system-out>
  <system-err><![CDATA[]]></system-err>
</testsuite>
